DlangUI log file
2016-11-20 02:31:03.276 I  Log level changed to Trace
2016-11-20 02:31:03.276 I  Logger is initialized
2016-11-20 02:31:03.276 D  myWinMain()
2016-11-20 02:31:03.276 I  Current executable: F:\D\git\rx\examples\scheduler-dlangui\
2016-11-20 02:31:03.276 I  Command line: 
2016-11-20 02:31:03.276 I  Command line params: []
2016-11-20 02:31:03.276 V  Creating platform
2016-11-20 02:31:03.276 V  Registering window class
2016-11-20 02:31:03.276 V  Initializing font manager
2016-11-20 02:31:03.276 I  Creating Win32FontManager
2016-11-20 02:31:03.276 I  Win32FontManager.initialize()
2016-11-20 02:31:03.277 D  registerFont(SansSerif,Arial)
2016-11-20 02:31:03.277 D  registerFont(SansSerif,Arial Black)
2016-11-20 02:31:03.277 D  registerFont(SansSerif,Calibri)
2016-11-20 02:31:03.277 D  registerFont(SansSerif,Calibri Light)
2016-11-20 02:31:03.277 D  registerFont(Serif,Cambria)
2016-11-20 02:31:03.278 D  registerFont(Serif,Cambria Math)
2016-11-20 02:31:03.278 D  registerFont(SansSerif,Candara)
2016-11-20 02:31:03.278 D  registerFont(Cursive,Comic Sans MS)
2016-11-20 02:31:03.278 D  registerFont(MonoSpace,Consolas)
2016-11-20 02:31:03.278 D  registerFont(Serif,Constantia)
2016-11-20 02:31:03.278 D  registerFont(SansSerif,Corbel)
2016-11-20 02:31:03.278 D  registerFont(MonoSpace,Courier New)
2016-11-20 02:31:03.278 D  registerFont(SansSerif,Ebrima)
2016-11-20 02:31:03.278 D  registerFont(SansSerif,Franklin Gothic Medium)
2016-11-20 02:31:03.278 D  registerFont(Fantasy,Gabriola)
2016-11-20 02:31:03.278 D  registerFont(SansSerif,Gadugi)
2016-11-20 02:31:03.278 D  registerFont(Serif,Georgia)
2016-11-20 02:31:03.278 D  registerFont(SansSerif,Impact)
2016-11-20 02:31:03.278 D  registerFont(SansSerif,Javanese Text)
2016-11-20 02:31:03.278 D  registerFont(SansSerif,Leelawadee UI)
2016-11-20 02:31:03.278 D  registerFont(SansSerif,Leelawadee UI Semilight)
2016-11-20 02:31:03.278 D  registerFont(MonoSpace,Lucida Console)
2016-11-20 02:31:03.278 D  registerFont(SansSerif,Lucida Sans Unicode)
2016-11-20 02:31:03.278 D  registerFont(SansSerif,Malgun Gothic)
2016-11-20 02:31:03.278 D  registerFont(Serif,Malgun Gothic Semilight)
2016-11-20 02:31:03.278 D  registerFont(SansSerif,Microsoft Himalaya)
2016-11-20 02:31:03.278 D  registerFont(SansSerif,Microsoft JhengHei)
2016-11-20 02:31:03.278 D  registerFont(SansSerif,Microsoft JhengHei UI)
2016-11-20 02:31:03.278 D  registerFont(SansSerif,Microsoft JhengHei Light)
2016-11-20 02:31:03.278 D  registerFont(SansSerif,Microsoft JhengHei UI Light)
2016-11-20 02:31:03.278 D  registerFont(SansSerif,Microsoft New Tai Lue)
2016-11-20 02:31:03.278 D  registerFont(SansSerif,Microsoft PhagsPa)
2016-11-20 02:31:03.278 D  registerFont(SansSerif,Microsoft Sans Serif)
2016-11-20 02:31:03.278 D  registerFont(SansSerif,Microsoft Tai Le)
2016-11-20 02:31:03.278 D  registerFont(SansSerif,Microsoft YaHei)
2016-11-20 02:31:03.278 D  registerFont(SansSerif,Microsoft YaHei UI)
2016-11-20 02:31:03.278 D  registerFont(SansSerif,Microsoft YaHei Light)
2016-11-20 02:31:03.278 D  registerFont(SansSerif,Microsoft YaHei UI Light)
2016-11-20 02:31:03.278 D  registerFont(Cursive,Microsoft Yi Baiti)
2016-11-20 02:31:03.278 D  registerFont(Serif,MingLiU-ExtB)
2016-11-20 02:31:03.278 D  registerFont(Serif,PMingLiU-ExtB)
2016-11-20 02:31:03.278 D  registerFont(Serif,MingLiU_HKSCS-ExtB)
2016-11-20 02:31:03.278 D  registerFont(Cursive,Mongolian Baiti)
2016-11-20 02:31:03.278 D  registerFont(MonoSpace,ÇlÇr ÉSÉVÉbÉN)
2016-11-20 02:31:03.278 D  registerFont(Serif,MS UI Gothic)
2016-11-20 02:31:03.278 D  registerFont(Serif,ÇlÇr ÇoÉSÉVÉbÉN)
2016-11-20 02:31:03.278 D  registerFont(SansSerif,MV Boli)
2016-11-20 02:31:03.278 D  registerFont(SansSerif,Myanmar Text)
2016-11-20 02:31:03.278 D  registerFont(SansSerif,Nirmala UI)
2016-11-20 02:31:03.278 D  registerFont(SansSerif,Nirmala UI Semilight)
2016-11-20 02:31:03.278 D  registerFont(Serif,Palatino Linotype)
2016-11-20 02:31:03.278 D  registerFont(Serif,Segoe MDL2 Assets)
2016-11-20 02:31:03.279 D  registerFont(SansSerif,Segoe Print)
2016-11-20 02:31:03.279 D  registerFont(Cursive,Segoe Script)
2016-11-20 02:31:03.279 D  registerFont(SansSerif,Segoe UI)
2016-11-20 02:31:03.279 D  registerFont(SansSerif,Segoe UI Black)
2016-11-20 02:31:03.279 D  registerFont(SansSerif,Segoe UI Emoji)
2016-11-20 02:31:03.279 D  registerFont(SansSerif,Segoe UI Historic)
2016-11-20 02:31:03.279 D  registerFont(SansSerif,Segoe UI Light)
2016-11-20 02:31:03.279 D  registerFont(SansSerif,Segoe UI Semibold)
2016-11-20 02:31:03.279 D  registerFont(SansSerif,Segoe UI Semilight)
2016-11-20 02:31:03.279 D  registerFont(SansSerif,Segoe UI Symbol)
2016-11-20 02:31:03.279 D  registerFont(SansSerif,SimSun)
2016-11-20 02:31:03.279 D  registerFont(MonoSpace,NSimSun)
2016-11-20 02:31:03.279 D  registerFont(MonoSpace,SimSun-ExtB)
2016-11-20 02:31:03.279 D  registerFont(SansSerif,Sitka Small)
2016-11-20 02:31:03.279 D  registerFont(SansSerif,Sitka Text)
2016-11-20 02:31:03.279 D  registerFont(SansSerif,Sitka Subheading)
2016-11-20 02:31:03.279 D  registerFont(SansSerif,Sitka Heading)
2016-11-20 02:31:03.279 D  registerFont(SansSerif,Sitka Display)
2016-11-20 02:31:03.279 D  registerFont(SansSerif,Sitka Banner)
2016-11-20 02:31:03.279 D  registerFont(Serif,Sylfaen)
2016-11-20 02:31:03.279 D  registerFont(SansSerif,Tahoma)
2016-11-20 02:31:03.279 D  registerFont(Serif,Times New Roman)
2016-11-20 02:31:03.279 D  registerFont(SansSerif,Trebuchet MS)
2016-11-20 02:31:03.279 D  registerFont(SansSerif,Verdana)
2016-11-20 02:31:03.279 D  registerFont(Serif,ü‡ÉSÉVÉbÉN)
2016-11-20 02:31:03.279 D  registerFont(Serif,Yu Gothic UI)
2016-11-20 02:31:03.279 D  registerFont(Serif,Yu Gothic UI Semibold)
2016-11-20 02:31:03.279 D  registerFont(Serif,ü‡ÉSÉVÉbÉN Light)
2016-11-20 02:31:03.279 D  registerFont(Serif,Yu Gothic UI Light)
2016-11-20 02:31:03.279 D  registerFont(Serif,ü‡ÉSÉVÉbÉN Medium)
2016-11-20 02:31:03.279 D  registerFont(Serif,Yu Gothic UI Semilight)
2016-11-20 02:31:03.279 D  registerFont(Serif,ÉÅÉCÉäÉI)
2016-11-20 02:31:03.279 D  registerFont(Serif,Meiryo UI)
2016-11-20 02:31:03.279 D  registerFont(MonoSpace,ÇlÇr ñæí©)
2016-11-20 02:31:03.279 D  registerFont(Serif,ÇlÇr Çoñæí©)
2016-11-20 02:31:03.279 D  registerFont(Serif,ü‡ñæí©)
2016-11-20 02:31:03.279 D  registerFont(Serif,ü‡ñæí© Demibold)
2016-11-20 02:31:03.279 D  registerFont(Serif,ü‡ñæí© Light)
2016-11-20 02:31:03.279 D  registerFont(MonoSpace,OCRB)
2016-11-20 02:31:03.279 D  registerFont(MonoSpace,HGñæí©E)
2016-11-20 02:31:03.279 D  registerFont(Serif,HGPñæí©E)
2016-11-20 02:31:03.279 D  registerFont(Serif,HGSñæí©E)
2016-11-20 02:31:03.279 D  registerFont(MonoSpace,HGënâpäpŒﬂØÃﬂëÃ)
2016-11-20 02:31:03.279 D  registerFont(Serif,HGPënâpäpŒﬂØÃﬂëÃ)
2016-11-20 02:31:03.279 D  registerFont(Serif,HGSënâpäpŒﬂØÃﬂëÃ)
2016-11-20 02:31:03.280 D  registerFont(MonoSpace,HGënâpäp∫ﬁºØ∏UB)
2016-11-20 02:31:03.280 D  registerFont(Serif,HGPënâpäp∫ﬁºØ∏UB)
2016-11-20 02:31:03.280 D  registerFont(Serif,HGSënâpäp∫ﬁºØ∏UB)
2016-11-20 02:31:03.280 D  registerFont(Serif,HGä€∫ﬁºØ∏M-PRO)
2016-11-20 02:31:03.280 D  registerFont(MonoSpace,HG∫ﬁºØ∏E)
2016-11-20 02:31:03.280 D  registerFont(Serif,HGP∫ﬁºØ∏E)
2016-11-20 02:31:03.281 D  registerFont(Serif,HGS∫ﬁºØ∏E)
2016-11-20 02:31:03.281 D  registerFont(Serif,Arial Unicode MS)
2016-11-20 02:31:03.281 D  registerFont(Serif,Century)
2016-11-20 02:31:03.281 D  registerFont(SansSerif,MS Reference Sans Serif)
2016-11-20 02:31:03.281 D  registerFont(Cursive,Buxton Sketch)
2016-11-20 02:31:03.281 D  registerFont(Cursive,Segoe Marker)
2016-11-20 02:31:03.281 D  registerFont(SansSerif,SketchFlow Print)
2016-11-20 02:31:03.281 D  registerFont(MonoSpace,IPAÉSÉVÉbÉN)
2016-11-20 02:31:03.281 D  registerFont(Serif,IPA PÉSÉVÉbÉN)
2016-11-20 02:31:03.282 D  registerFont(MonoSpace,IPAñæí©)
2016-11-20 02:31:03.282 D  registerFont(Serif,IPA Pñæí©)
2016-11-20 02:31:03.282 D  registerFont(MonoSpace,Myrica M)
2016-11-20 02:31:03.282 D  registerFont(Serif,Myrica P)
2016-11-20 02:31:03.282 D  registerFont(Serif,Myrica N)
2016-11-20 02:31:03.282 D  registerFont(MonoSpace,Migu 1M)
2016-11-20 02:31:03.282 I  Found 118 font faces
2016-11-20 02:31:03.282 D  initResourceManagers()
2016-11-20 02:31:03.282 I  Creating ImageCache
2016-11-20 02:31:03.282 I  Creating DrawableCache
2016-11-20 02:31:03.282 D  Calling initSharedResourceManagers()
2016-11-20 02:31:03.282 D  Calling initStandardEditorActions()
2016-11-20 02:31:03.282 D  Calling registerStandardWidgets()
2016-11-20 02:31:03.282 D  Registering standard widgets for DML
2016-11-20 02:31:03.282 D  initResourceManagers() -- finished
2016-11-20 02:31:03.282 D  Creating default theme
2016-11-20 02:31:03.283 D  Loading Derelict GL
2016-11-20 02:31:03.367 D  Derelict GL - loaded
2016-11-20 02:31:03.367 I  Entering UIAppMain: []
2016-11-20 02:31:03.367 D  Creating window
2016-11-20 02:31:03.367 D  Platform.createWindow is called
2016-11-20 02:31:03.367 V  Platform.createWindow : setDefaultLanguageAndThemeIfNecessary
2016-11-20 02:31:03.367 V  setDefaultLanguageAndThemeIfNecessary : setting UI language
2016-11-20 02:31:03.367 V  Loading language file
2016-11-20 02:31:03.367 D  Loading string resources from file @embedded@/std_en.ini
2016-11-20 02:31:03.367 V  Calling onThemeChanged
2016-11-20 02:31:03.367 V  setDefaultLanguageAndThemeIfNecessary : setting UI theme
2016-11-20 02:31:03.367 V  uiTheme setting new theme theme_default
2016-11-20 02:31:03.370 I  Applying loaded theme theme_default
2016-11-20 02:31:03.370 V  Platform.createWindow : new Win32Window
2016-11-20 02:31:03.376 D  Window onCreate
2016-11-20 02:31:03.376 V  created window, adding to map
2016-11-20 02:31:04.137 V  Reloading DerelictGL3
2016-11-20 02:31:04.137 E  Derelict exception while reloading DerelictGL3derelict.util.exception.SymbolLoadException@C:\Users\lisri\AppData\Roaming\dub\packages\derelict-util-2.0.6\derelict-util\source\derelict\util\exception.d(35): Failed to load OpenGL symbol [glGetnTexImage]
----------------
0x0054047E in void derelict.opengl3.internal.bindGLFunc(void**, immutable(char)[]) at C:\Users\lisri\AppData\Roaming\dub\packages\derelict-gl3-1.0.19\derelict-gl3\source\derelict\opengl3\internal.d(53)
0x0053FB32 in D8derelict7opengl33gl317D at C:\Users\lisri\AppData\Roaming\dub\packages\derelict-gl3-1.0.19\derelict-gl3\source\derelict\opengl3\gl3.d(434)
0x004EF7DB in bool dlangui.graphics.glsupport.initGLSupport(bool) at C:\Users\lisri\AppData\Roaming\dub\packages\dlangui-0.9.46\dlangui\src\dlangui\graphics\glsupport.d(732)
0x004D2D14 in bool dlangui.platforms.windows.winapp.SharedGLContext.init(void*) at C:\Users\lisri\AppData\Roaming\dub\packages\dlangui-0.9.46\dlangui\src\dlangui\platforms\windows\winapp.d(186)
0x004AC807 in D7dlangui9platforms7windows6winapp11W at C:\Users\lisri\AppData\Roaming\dub\packages\dlangui-0.9.46\dlangui\src\dlangui\platforms\windows\winapp.d(285)
0x0046E723 in D7dlangui9platforms7windows6winapp13W at C:\Users\lisri\AppData\Roaming\dub\packages\dlangui-0.9.46\dlangui\src\dlangui\platforms\windows\winapp.d(988)
0x00424227 in dlangui.platforms.common.platform.Window app.createAppWindow() at F:\D\git\rx\examples\scheduler-dlangui\source\app.d(45)
0x004240E3 in UIAppMain at F:\D\git\rx\examples\scheduler-dlangui\source\app.d(16)
0x004542EA in int dlangui.platforms.windows.winapp.myWinMain(void*, void*, char*, int) at C:\Users\lisri\AppData\Roaming\dub\packages\dlangui-0.9.46\dlangui\src\dlangui\platforms\windows\winapp.d(1259)
0x00432514 in DLANGUIWinMain at C:\Users\lisri\AppData\Roaming\dub\packages\dlangui-0.9.46\dlangui\src\dlangui\platforms\windows\winapp.d(1140)
0x0042407E in WinMain at C:\Users\lisri\AppData\Roaming\dub\packages\dlangui-0.9.46\dlangui\src\dlangui\platforms\common\platform.d(1576)
0x0059B8BA in WinMainCRTStartup
0x767C62C4 in BaseThreadInitThunk
0x773A0719 in RtlSubscribeWnfStateChangeNotification
0x773A06E4 in RtlSubscribeWnfStateChangeNotification
2016-11-20 02:31:04.362 V  Reloading DerelictGL
2016-11-20 02:31:04.362 E  Derelict exception while reloading DerelictGLderelict.util.exception.SymbolLoadException@C:\Users\lisri\AppData\Roaming\dub\packages\derelict-util-2.0.6\derelict-util\source\derelict\util\exception.d(35): Failed to load OpenGL symbol [glGetnTexImage]
----------------
0x0054047E in void derelict.opengl3.internal.bindGLFunc(void**, immutable(char)[]) at C:\Users\lisri\AppData\Roaming\dub\packages\derelict-gl3-1.0.19\derelict-gl3\source\derelict\opengl3\internal.d(53)
0x0053FB32 in D8derelict7opengl33gl317D at C:\Users\lisri\AppData\Roaming\dub\packages\derelict-gl3-1.0.19\derelict-gl3\source\derelict\opengl3\gl3.d(434)
0x0053BC81 in D8derelict7opengl32gl16D at C:\Users\lisri\AppData\Roaming\dub\packages\derelict-gl3-1.0.19\derelict-gl3\source\derelict\opengl3\gl.d(46)
0x004EF841 in bool dlangui.graphics.glsupport.initGLSupport(bool) at C:\Users\lisri\AppData\Roaming\dub\packages\dlangui-0.9.46\dlangui\src\dlangui\graphics\glsupport.d(741)
0x004D2D14 in bool dlangui.platforms.windows.winapp.SharedGLContext.init(void*) at C:\Users\lisri\AppData\Roaming\dub\packages\dlangui-0.9.46\dlangui\src\dlangui\platforms\windows\winapp.d(186)
0x004AC807 in D7dlangui9platforms7windows6winapp11W at C:\Users\lisri\AppData\Roaming\dub\packages\dlangui-0.9.46\dlangui\src\dlangui\platforms\windows\winapp.d(285)
0x0046E723 in D7dlangui9platforms7windows6winapp13W at C:\Users\lisri\AppData\Roaming\dub\packages\dlangui-0.9.46\dlangui\src\dlangui\platforms\windows\winapp.d(988)
0x00424227 in dlangui.platforms.common.platform.Window app.createAppWindow() at F:\D\git\rx\examples\scheduler-dlangui\source\app.d(45)
0x004240E3 in UIAppMain at F:\D\git\rx\examples\scheduler-dlangui\source\app.d(16)
0x004542EA in int dlangui.platforms.windows.winapp.myWinMain(void*, void*, char*, int) at C:\Users\lisri\AppData\Roaming\dub\packages\dlangui-0.9.46\dlangui\src\dlangui\platforms\windows\winapp.d(1259)
0x00432514 in DLANGUIWinMain at C:\Users\lisri\AppData\Roaming\dub\packages\dlangui-0.9.46\dlangui\src\dlangui\platforms\windows\winapp.d(1140)
0x0042407E in WinMain at C:\Users\lisri\AppData\Roaming\dub\packages\dlangui-0.9.46\dlangui\src\dlangui\platforms\common\platform.d(1576)
0x0059B8BA in WinMainCRTStartup
0x767C62C4 in BaseThreadInitThunk
0x773A0719 in RtlSubscribeWnfStateChangeNotification
0x773A06E4 in RtlSubscribeWnfStateChangeNotification
2016-11-20 02:31:04.363 E  Neither DerelictGL3 nor DerelictGL were reloaded successfully
2016-11-20 02:31:04.373 E  Failed to init OpenGL shaders
2016-11-20 02:31:04.373 D  Window created
2016-11-20 02:31:04.384 D  WM_WINDOWPOSCHANGED: WINDOWPOS(280E4A, 150E70, 182, 182, 600, 400, 268441667)
2016-11-20 02:31:04.384 D  onResize 584x361
2016-11-20 02:31:04.399 D  Loading image from file @embedded@/editbox_background_disabled_focus.9.png
2016-11-20 02:31:04.399 D  Loading image from file @embedded@/editbox_background_focus.9.png
2016-11-20 02:31:04.400 D  Loading image from file @embedded@/editbox_background_disabled.9.png
2016-11-20 02:31:04.400 D  Loading image from file @embedded@/editbox_background_normal.9.png
2016-11-20 02:31:04.400 D  resize: measure took 16 ms
2016-11-20 02:31:04.400 D  resize: layout took 0 ms
2016-11-20 02:31:21.355 D  keydown, keyFlags=0
2016-11-20 02:31:21.451 D  keydown, keyFlags=0
2016-11-20 02:31:21.563 D  keydown, keyFlags=0
2016-11-20 02:31:24.419 D  WM_CLOSE: closing window 
2016-11-20 02:31:24.433 D  WM_WINDOWPOSCHANGED: WINDOWPOS(280E4A, null, 182, 182, 600, 400, 536877207)
2016-11-20 02:31:24.437 D  Window onDestroy
2016-11-20 02:31:24.437 V  destroyed window, removing from map
2016-11-20 02:31:24.449 E  Cannot find window in map by HWND
2016-11-20 02:31:24.449 D  Window destructor
2016-11-20 02:31:24.450 D  Destroying window
2016-11-20 02:31:24.450 I  UIAppMain returned 0
2016-11-20 02:31:24.450 I  Destroying DrawableCache
2016-11-20 02:31:24.450 I  Destroying ImageCache
2016-11-20 02:31:24.450 I  Destroying Win32FontManager
2016-11-20 02:31:24.450 D  Destroying font manager
2016-11-20 02:31:24.450 D  Exiting main
2016-11-20 02:31:24.450 D  Calling GC.collect
2016-11-20 02:31:24.451 E  Non-zero DrawBuf instance count when exiting: 0
